<?xml version="1.0" encoding="UTF-8"?>
<!-- Generated by org.testng.reporters.JUnitReportReporter -->
<testsuite skipped="0" hostname="DESKTOP-TP18Q4P" name="pkg.verifylogin" tests="1" failures="0" timestamp="13 Apr 2020 15:36:08 GMT" time="19.177" errors="0">
  <testcase name="f" time="19.177" classname="pkg.verifylogin"/>
</testsuite> <!-- pkg.verifylogin -->
